./autosetup.sh: line 116: yay: command not found
[1m[33m -> [0m[0mAvoid running yay as root/sudo.
Sync Explicit (1): ranger-1.9.4-1
resolving dependencies...
looking for conflicting packages...

Packages (3) mpdecimal-4.0.0-2  python-3.12.7-1  ranger-1.9.4-1

Total Download Size:   12.87 MiB
Total Installed Size:  72.91 MiB

:: Proceed with installation? [Y/n] 
:: Retrieving packages...
 python-3.12.7-1-x86_64 downloading...
 ranger-1.9.4-1-any downloading...
 mpdecimal-4.0.0-2-x86_64 downloading...
checking keyring...
checking package integrity...
loading package files...
checking for file conflicts...
checking available disk space...
:: Processing package changes...
installing mpdecimal...
installing python...
Optional dependencies for python
    python-setuptools: for building Python packages using tooling that is usually bundled with Python
    python-pip: for installing Python packages using tooling that is usually bundled with Python
    python-pipx: for installing Python software not packaged on Arch Linux
    sqlite: for a default database integration [installed]
    xz: for lzma [installed]
    tk: for tkinter
installing ranger...
Optional dependencies for ranger
    atool: for previews of archives
    elinks: for previews of html pages
    ffmpegthumbnailer: for video previews
    highlight: for syntax highlighting of code
    imagemagick: auto-rotate image previews based on EXIF data
    libcaca: for ASCII-art image previews
    lynx: for previews of html pages
    mediainfo: for viewing information about media files
    odt2txt: for OpenDocument texts
    perl-image-exiftool: for viewing information about media files
    poppler: for pdf previews
    python-chardet: in case of encoding detection problems
    python-pillow: for in-terminal preview of images in Kitty
    sudo: to use the "run as root"-feature [installed]
    transmission-cli: for viewing bittorrent information
    ueberzug: for previews of images
    w3m: for previews of images and html pages
:: Running post-transaction hooks...
(1/1) Arming ConditionNeedsUpdate...
[1m[33m -> [0m[0mAvoid running yay as root/sudo.
Sync Explicit (1): rofi-1.7.5-3
resolving dependencies...
looking for conflicting packages...
warning: dependency cycle detected:
warning: harfbuzz will be installed before its freetype2 dependency

Packages (33) cairo-1.18.2-2  dav1d-1.4.3-1  fontconfig-2:2.15.0-2  freetype2-2.13.3-1  fribidi-1.0.16-1  gdk-pixbuf2-2.42.12-2  graphite-1:1.3.14-4  harfbuzz-10.1.0-1  jbigkit-2.1-8  libdatrie-0.2.13-4  libjpeg-turbo-3.0.4-1  libpng-1.6.44-1  librsvg-2:2.59.2-1  libthai-0.1.29-3  libtiff-4.7.0-1  libxdg-basedir-1.2.3-2  libxft-2.3.8-2  libxkbcommon-1.7.0-2  libxkbcommon-x11-1.7.0-2  libxrender-0.9.11-2  lzo-2.10-5  pango-1:1.54.0-1  pixman-0.44.0-1  shared-mime-info-2.4-1  startup-notification-0.12-8  xcb-util-0.4.1-2  xcb-util-cursor-0.1.5-1  xcb-util-image-0.4.1-3  xcb-util-renderutil-0.3.10-2  xcb-util-wm-0.4.2-2  xcb-util-xrm-1.3-3  xkeyboard-config-2.43-1  rofi-1.7.5-3

Total Download Size:   11.08 MiB
Total Installed Size:  48.39 MiB

:: Proceed with installation? [Y/n] 
:: Retrieving packages...
 librsvg-2:2.59.2-1-x86_64 downloading...
 harfbuzz-10.1.0-1-x86_64 downloading...
 xkeyboard-config-2.43-1-any downloading...
 dav1d-1.4.3-1-x86_64 downloading...
 shared-mime-info-2.4-1-x86_64 downloading...
 cairo-1.18.2-2-x86_64 downloading...
 rofi-1.7.5-3-x86_64 downloading...
 libjpeg-turbo-3.0.4-1-x86_64 downloading...
 freetype2-2.13.3-1-x86_64 downloading...
 gdk-pixbuf2-2.42.12-2-x86_64 downloading...
 libtiff-4.7.0-1-x86_64 downloading...
 pango-1:1.54.0-1-x86_64 downloading...
 fontconfig-2:2.15.0-2-x86_64 downloading...
 libthai-0.1.29-3-x86_64 downloading...
 pixman-0.44.0-1-x86_64 downloading...
 libpng-1.6.44-1-x86_64 downloading...
 libxkbcommon-1.7.0-2-x86_64 downloading...
 libdatrie-0.2.13-4-x86_64 downloading...
 lzo-2.10-5-x86_64 downloading...
 graphite-1:1.3.14-4-x86_64 downloading...
 fribidi-1.0.16-1-x86_64 downloading...
 libxft-2.3.8-2-x86_64 downloading...
 jbigkit-2.1-8-x86_64 downloading...
 xcb-util-wm-0.4.2-2-x86_64 downloading...
 libxrender-0.9.11-2-x86_64 downloading...
 libxkbcommon-x11-1.7.0-2-x86_64 downloading...
 startup-notification-0.12-8-x86_64 downloading...
 xcb-util-image-0.4.1-3-x86_64 downloading...
 xcb-util-xrm-1.3-3-x86_64 downloading...
 xcb-util-cursor-0.1.5-1-x86_64 downloading...
 xcb-util-0.4.1-2-x86_64 downloading...
 libxdg-basedir-1.2.3-2-x86_64 downloading...
 xcb-util-renderutil-0.3.10-2-x86_64 downloading...
checking keyring...
checking package integrity...
loading package files...
checking for file conflicts...
checking available disk space...
:: Processing package changes...
installing libxdg-basedir...
installing xcb-util...
installing startup-notification...
installing xkeyboard-config...
installing libxkbcommon...
Optional dependencies for libxkbcommon
    libxkbcommon-x11: xkbcli interactive-x11 [pending]
    wayland: xkbcli interactive-wayland
installing libxkbcommon-x11...
installing xcb-util-wm...
installing xcb-util-xrm...
installing libpng...
installing graphite...
Optional dependencies for graphite
    graphite-docs: Documentation
installing harfbuzz...
Optional dependencies for harfbuzz
    harfbuzz-utils: utilities
installing freetype2...
installing fontconfig...
Creating fontconfig configuration...
Rebuilding fontconfig cache...
installing libxrender...
installing lzo...
installing pixman...
installing cairo...
installing dav1d...
Optional dependencies for dav1d
    dav1d-doc: HTML documentation
installing libjpeg-turbo...
Optional dependencies for libjpeg-turbo
    java-runtime>11: for TurboJPEG Java wrapper
installing jbigkit...
installing libtiff...
Optional dependencies for libtiff
    freeglut: for using tiffgt
installing shared-mime-info...
installing gdk-pixbuf2...
Optional dependencies for gdk-pixbuf2
    libwmf: Load .wmf and .apm
    libopenraw: Load .dng, .cr2, .crw, .nef, .orf, .pef, .arw, .erf, .mrw, and .raf
    libavif: Load .avif
    libheif: Load .heif, .heic, and .avif
    libjxl: Load .jxl
    librsvg: Load .svg, .svgz, and .svg.gz [pending]
    webp-pixbuf-loader: Load .webp
installing fribidi...
installing libdatrie...
installing libthai...
installing libxft...
installing pango...
installing librsvg...
installing xcb-util-renderutil...
installing xcb-util-image...
installing xcb-util-cursor...
installing rofi...
Optional dependencies for rofi
    i3-wm: use as a window switcher
:: Running post-transaction hooks...
(1/5) Arming ConditionNeedsUpdate...
(2/5) Updating the MIME type database...
(3/5) Updating fontconfig configuration...
(4/5) Updating fontconfig cache...
(5/5) Probing GDK-Pixbuf loader modules...
[1m[33m -> [0m[0mAvoid running yay as root/sudo.
Sync Explicit (1): alsa-utils-1.2.12-1
resolving dependencies...
looking for conflicting packages...

Packages (1) alsa-utils-1.2.12-1

Total Download Size:   1.16 MiB
Total Installed Size:  2.37 MiB

:: Proceed with installation? [Y/n] 
:: Retrieving packages...
 alsa-utils-1.2.12-1-x86_64 downloading...
checking keyring...
checking package integrity...
loading package files...
checking for file conflicts...
checking available disk space...
:: Processing package changes...
installing alsa-utils...
Optional dependencies for alsa-utils
    bash: for alsa-info.sh and alsabat-test.sh [installed]
    fftw: for alsabat [installed]
:: Running post-transaction hooks...
(1/4) Reloading system manager configuration...
(2/4) Creating temporary files...
(3/4) Reloading device manager configuration...
(4/4) Arming ConditionNeedsUpdate...
[1m[33m -> [0m[0mAvoid running yay as root/sudo.
Sync Explicit (1): xclip-0.13-5
resolving dependencies...
looking for conflicting packages...

Packages (3) libxmu-1.2.1-1  libxt-1.3.0-2  xclip-0.13-5

Total Download Size:   0.60 MiB
Total Installed Size:  2.38 MiB

:: Proceed with installation? [Y/n] 
:: Retrieving packages...
 libxt-1.3.0-2-x86_64 downloading...
 libxmu-1.2.1-1-x86_64 downloading...
 xclip-0.13-5-x86_64 downloading...
checking keyring...
checking package integrity...
loading package files...
checking for file conflicts...
checking available disk space...
:: Processing package changes...
installing libxt...
installing libxmu...
installing xclip...
:: Running post-transaction hooks...
(1/1) Arming ConditionNeedsUpdate...
[1m[33m -> [0m[0mAvoid running yay as root/sudo.
Sync Explicit (1): kitty-0.37.0-1
resolving dependencies...
looking for conflicting packages...
warning: dependency cycle detected:
warning: mesa will be installed before its libglvnd dependency

Packages (18) default-cursors-3-1  hicolor-icon-theme-0.18-1  kitty-shell-integration-0.37.0-1  kitty-terminfo-0.37.0-1  lcms2-2.16-1  libdrm-2.4.123-1  libglvnd-1.7.0-1  libomxil-bellagio-0.9.3-5  libpciaccess-0.18.1-2  librsync-1:2.3.4-2  libxcursor-1.2.3-1  libxshmfence-1.3.2-2  libxxf86vm-1.1.5-2  llvm-libs-18.1.8-4  lm_sensors-1:3.6.0.r41.g31d1f125-3  mesa-1:24.2.7-1  wayland-1.23.1-1  kitty-0.37.0-1

Total Download Size:    67.34 MiB
Total Installed Size:  293.56 MiB

:: Proceed with installation? [Y/n] 
:: Retrieving packages...
 llvm-libs-18.1.8-4-x86_64 downloading...
 mesa-1:24.2.7-1-x86_64 downloading...
 kitty-0.37.0-1-x86_64 downloading...
 libglvnd-1.7.0-1-x86_64 downloading...
 libdrm-2.4.123-1-x86_64 downloading...
 lcms2-2.16-1-x86_64 downloading...
 wayland-1.23.1-1-x86_64 downloading...
 lm_sensors-1:3.6.0.r41.g31d1f125-3-x86_64 downloading...
 libomxil-bellagio-0.9.3-5-x86_64 downloading...
 librsync-1:2.3.4-2-x86_64 downloading...
 libxcursor-1.2.3-1-x86_64 downloading...
 kitty-shell-integration-0.37.0-1-x86_64 downloading...
 libpciaccess-0.18.1-2-x86_64 downloading...
 libxxf86vm-1.1.5-2-x86_64 downloading...
 hicolor-icon-theme-0.18-1-any downloading...
 libxshmfence-1.3.2-2-x86_64 downloading...
 kitty-terminfo-0.37.0-1-x86_64 downloading...
 default-cursors-3-1-any downloading...
checking keyring...
checking package integrity...
loading package files...
checking for file conflicts...
checking available disk space...
:: Processing package changes...
installing default-cursors...
Optional dependencies for default-cursors
    adwaita-cursors: default cursor theme
installing wayland...
installing libxcursor...
installing hicolor-icon-theme...
installing libpciaccess...
installing libdrm...
Optional dependencies for libdrm
    cairo: needed for modetest tool [installed]
installing libxshmfence...
installing libxxf86vm...
installing llvm-libs...
installing lm_sensors...
Optional dependencies for lm_sensors
    rrdtool: for logging with sensord
    perl: for sensor detection and configuration convert [installed]
installing libomxil-bellagio...
installing mesa...
Optional dependencies for mesa
    opengl-man-pages: for the OpenGL API man pages
installing libglvnd...
installing lcms2...
installing librsync...
installing kitty-terminfo...
installing kitty-shell-integration...
installing kitty...
Optional dependencies for kitty
    imagemagick: viewing images with icat
    python-pygments: syntax highlighting in kitty +kitten diff
    libcanberra: playing "bell" sound on terminal bell
:: Running post-transaction hooks...
(1/2) Reloading system manager configuration...
(2/2) Arming ConditionNeedsUpdate...
[1m[33m -> [0m[0mAvoid running yay as root/sudo.
Sync Make Dependency (2): gcc-objc-14.2.1+r134+gab884fffe3fc-1, go-2:1.23.2-1
AUR Explicit (1): go-musicfox-4.5.7-3
:: [1m(1/1) Downloaded PKGBUILD: go-musicfox[0m
  1 go-musicfox                              (Build Files Exist)
==> Packages to cleanBuild?
==> [N]one [A]ll [Ab]ort [I]nstalled [No]tInstalled or (1 2 3, 1-3, ^4)
==> 
  1 go-musicfox                              (Build Files Exist)
==> Diffs to show?
==> [N]one [A]ll [Ab]ort [I]nstalled [No]tInstalled or (1 2 3, 1-3, ^4)
==> 
==> ERROR: Running makepkg as root is not allowed as it can cause permanent,
catastrophic damage to your system.
 -> error downloading sources: /tmp/yay/go-musicfox 
	 context: exit status 10 
	 

:: [1m(1/1) Parsing SRCINFO: go-musicfox[0m
resolving dependencies...
looking for conflicting packages...

Packages (2) gcc-objc-14.2.1+r134+gab884fffe3fc-1  go-2:1.23.2-1

Total Download Size:    65.38 MiB
Total Installed Size:  308.60 MiB

:: Proceed with installation? [Y/n] 
:: Retrieving packages...
 go-2:1.23.2-1-x86_64 downloading...
 gcc-objc-14.2.1+r134+gab884fffe3fc-1-x86_64 downloading...
checking keyring...
checking package integrity...
loading package files...
checking for file conflicts...
checking available disk space...
:: Processing package changes...
installing gcc-objc...
installing go...
:: Running post-transaction hooks...
(1/1) Arming ConditionNeedsUpdate...
==> ERROR: Running makepkg as root is not allowed as it can cause permanent,
catastrophic damage to your system.
 -> error making: go-musicfox-exit status 10
 -> Failed to install the following packages. Manual intervention is required:
go-musicfox - exit status 10
[1m[33m -> [0m[0mAvoid running yay as root/sudo.
Sync Explicit (1): wqy-zenhei-0.9.45-10
resolving dependencies...
looking for conflicting packages...

Packages (1) wqy-zenhei-0.9.45-10

Total Download Size:    7.49 MiB
Total Installed Size:  16.02 MiB

:: Proceed with installation? [Y/n] 
:: Retrieving packages...
 wqy-zenhei-0.9.45-10-any downloading...
checking keyring...
checking package integrity...
loading package files...
checking for file conflicts...
checking available disk space...
:: Processing package changes...
installing wqy-zenhei...
==> Special Note: By default, we disabled the embedded bitmaps, so that the
    characters will be displayed as anti-aliased glyphs.  Those who want to 
    use bitmap font rendering (for 9pt-12pt) can do the following:

cd /etc/fonts/conf.d
rm 65-wqy-zenhei.conf
ln -s /usr/share/fontconfig/conf.avail/43-wqy-zenhei-sharp.conf

    Remove the symlinks 43-wqy-zenhei-sharp.conf and 65-wqy-zenhei.conf from 
    /etc/fonts/conf.d if you have problems with this package.
:: Running post-transaction hooks...
(1/3) Arming ConditionNeedsUpdate...
(2/3) Updating fontconfig configuration...
(3/3) Updating fontconfig cache...
[1m[33m -> [0m[0mAvoid running yay as root/sudo.
Sync Explicit (1): adobe-source-han-serif-cn-fonts-2.003-1
resolving dependencies...
looking for conflicting packages...

Packages (1) adobe-source-han-serif-cn-fonts-2.003-1

Total Download Size:   56.89 MiB
Total Installed Size:  77.28 MiB

:: Proceed with installation? [Y/n] 
:: Retrieving packages...
 adobe-source-han-serif-cn-fonts-2.003-1-any downloading...
checking keyring...
checking package integrity...
loading package files...
checking for file conflicts...
checking available disk space...
:: Processing package changes...
installing adobe-source-han-serif-cn-fonts...
:: Running post-transaction hooks...
(1/3) Arming ConditionNeedsUpdate...
(2/3) Updating fontconfig configuration...
(3/3) Updating fontconfig cache...
[1m[33m -> [0m[0mAvoid running yay as root/sudo.
Sync Explicit (1): adobe-source-han-sans-cn-fonts-2.004-2
resolving dependencies...
looking for conflicting packages...

Packages (1) adobe-source-han-sans-cn-fonts-2.004-2

Total Download Size:   41.63 MiB
Total Installed Size:  55.58 MiB

:: Proceed with installation? [Y/n] 
:: Retrieving packages...
 adobe-source-han-sans-cn-fonts-2.004-2-any downloading...
checking keyring...
checking package integrity...
loading package files...
checking for file conflicts...
checking available disk space...
:: Processing package changes...
installing adobe-source-han-sans-cn-fonts...
:: Running post-transaction hooks...
(1/3) Arming ConditionNeedsUpdate...
(2/3) Updating fontconfig configuration...
(3/3) Updating fontconfig cache...
[1m[33m -> [0m[0mAvoid running yay as root/sudo.
Sync Explicit (1): noto-fonts-cjk-20230817-2
resolving dependencies...
looking for conflicting packages...

Packages (1) noto-fonts-cjk-20230817-2

Total Download Size:   188.40 MiB
Total Installed Size:  298.08 MiB

:: Proceed with installation? [Y/n] 
:: Retrieving packages...
 noto-fonts-cjk-20230817-2-any downloading...
checking keyring...
checking package integrity...
loading package files...
checking for file conflicts...
checking available disk space...
:: Processing package changes...
installing noto-fonts-cjk...
:: Running post-transaction hooks...
(1/2) Arming ConditionNeedsUpdate...
(2/2) Updating fontconfig cache...
[1m[33m -> [0m[0mAvoid running yay as root/sudo.
Sync Explicit (1): powerline-fonts-2.8.4-2
resolving dependencies...
looking for conflicting packages...

Packages (1) powerline-fonts-2.8.4-2

Total Download Size:   0.01 MiB
Total Installed Size:  0.01 MiB

:: Proceed with installation? [Y/n] 
:: Retrieving packages...
 powerline-fonts-2.8.4-2-x86_64 downloading...
checking keyring...
checking package integrity...
loading package files...
checking for file conflicts...
checking available disk space...
:: Processing package changes...
installing powerline-fonts...
:: Running post-transaction hooks...
(1/3) Arming ConditionNeedsUpdate...
(2/3) Updating fontconfig configuration...
(3/3) Updating fontconfig cache...
[1m[33m -> [0m[0mAvoid running yay as root/sudo.
Sync Explicit (1): ttf-font-awesome-6.6.0-1
resolving dependencies...
looking for conflicting packages...

Packages (1) ttf-font-awesome-6.6.0-1

Total Download Size:   0.27 MiB
Total Installed Size:  0.69 MiB

:: Proceed with installation? [Y/n] 
:: Retrieving packages...
 ttf-font-awesome-6.6.0-1-any downloading...
checking keyring...
checking package integrity...
loading package files...
checking for file conflicts...
checking available disk space...
:: Processing package changes...
installing ttf-font-awesome...
:: Running post-transaction hooks...
(1/2) Arming ConditionNeedsUpdate...
(2/2) Updating fontconfig cache...
[1m[33m -> [0m[0mAvoid running yay as root/sudo.
Sync Explicit (1): wqy-bitmapfont-1.0.0RC1-6
resolving dependencies...
looking for conflicting packages...

Packages (1) wqy-bitmapfont-1.0.0RC1-6

Total Download Size:    2.28 MiB
Total Installed Size:  11.05 MiB

:: Proceed with installation? [Y/n] 
:: Retrieving packages...
 wqy-bitmapfont-1.0.0RC1-6-any downloading...
checking keyring...
checking package integrity...
loading package files...
checking for file conflicts...
checking available disk space...
:: Processing package changes...
installing wqy-bitmapfont...
:: Running post-transaction hooks...
(1/3) Arming ConditionNeedsUpdate...
(2/3) Updating fontconfig configuration...
(3/3) Updating fontconfig cache...
[1m[33m -> [0m[0mAvoid running yay as root/sudo.
Sync Explicit (1): wqy-microhei-0.2.0_beta-12
resolving dependencies...
looking for conflicting packages...

Packages (1) wqy-microhei-0.2.0_beta-12

Total Download Size:   1.63 MiB
Total Installed Size:  4.94 MiB

:: Proceed with installation? [Y/n] 
:: Retrieving packages...
 wqy-microhei-0.2.0_beta-12-any downloading...
checking keyring...
checking package integrity...
loading package files...
checking for file conflicts...
checking available disk space...
:: Processing package changes...
installing wqy-microhei...
:: Running post-transaction hooks...
(1/3) Arming ConditionNeedsUpdate...
(2/3) Updating fontconfig configuration...
(3/3) Updating fontconfig cache...
[1m[33m -> [0m[0mAvoid running yay as root/sudo.
Sync Explicit (1): wqy-microhei-lite-0.2.0_beta-11
resolving dependencies...
looking for conflicting packages...

Packages (1) wqy-microhei-lite-0.2.0_beta-11

Total Download Size:   2.15 MiB
Total Installed Size:  5.26 MiB

:: Proceed with installation? [Y/n] 
:: Retrieving packages...
 wqy-microhei-lite-0.2.0_beta-11-any downloading...
checking keyring...
checking package integrity...
loading package files...
checking for file conflicts...
checking available disk space...
:: Processing package changes...
installing wqy-microhei-lite...
:: Running post-transaction hooks...
(1/2) Arming ConditionNeedsUpdate...
(2/2) Updating fontconfig cache...
[1m[33m -> [0m[0mAvoid running yay as root/sudo.
Sync Explicit (1): adobe-source-code-pro-fonts-2.042u+1.062i+1.026vf-2
resolving dependencies...
looking for conflicting packages...

Packages (1) adobe-source-code-pro-fonts-2.042u+1.062i+1.026vf-2

Total Download Size:   0.91 MiB
Total Installed Size:  1.86 MiB

:: Proceed with installation? [Y/n] 
:: Retrieving packages...
 adobe-source-code-pro-fonts-2.042u+1.062i+1.026vf-2-any downloading...
checking keyring...
checking package integrity...
loading package files...
checking for file conflicts...
checking available disk space...
:: Processing package changes...
installing adobe-source-code-pro-fonts...
:: Running post-transaction hooks...
(1/2) Arming ConditionNeedsUpdate...
(2/2) Updating fontconfig cache...
[1m[33m -> [0m[0mAvoid running yay as root/sudo.
AUR Explicit (1): ttf-ms-fonts-2.0-12
:: [1m(1/1) Downloaded PKGBUILD: ttf-ms-fonts[0m
  1 ttf-ms-fonts                             (Build Files Exist)
==> Packages to cleanBuild?
==> [N]one [A]ll [Ab]ort [I]nstalled [No]tInstalled or (1 2 3, 1-3, ^4)
==> 
  1 ttf-ms-fonts                             (Build Files Exist)
==> Diffs to show?
==> [N]one [A]ll [Ab]ort [I]nstalled [No]tInstalled or (1 2 3, 1-3, ^4)
==> 
==> ERROR: Running makepkg as root is not allowed as it can cause permanent,
catastrophic damage to your system.
 -> error downloading sources: /tmp/yay/ttf-ms-fonts 
	 context: exit status 10 
	 

:: [1m(1/1) Parsing SRCINFO: ttf-ms-fonts[0m
==> ERROR: Running makepkg as root is not allowed as it can cause permanent,
catastrophic damage to your system.
 -> error making: ttf-ms-fonts-exit status 10
 -> Failed to install the following packages. Manual intervention is required:
ttf-ms-fonts - exit status 10
[1m[33m -> [0m[0mAvoid running yay as root/sudo.
Sync Explicit (1): noto-fonts-emoji-1:2.047-1
resolving dependencies...
looking for conflicting packages...

Packages (1) noto-fonts-emoji-1:2.047-1

Total Download Size:    9.18 MiB
Total Installed Size:  10.15 MiB

:: Proceed with installation? [Y/n] 
:: Retrieving packages...
 noto-fonts-emoji-1:2.047-1-any downloading...
checking keyring...
checking package integrity...
loading package files...
checking for file conflicts...
checking available disk space...
:: Processing package changes...
installing noto-fonts-emoji...
:: Running post-transaction hooks...
(1/2) Arming ConditionNeedsUpdate...
(2/2) Updating fontconfig cache...
[1m[33m -> [0m[0mAvoid running yay as root/sudo.
AUR Explicit (1): google-chrome-131.0.6778.69-1
Sync Dependency (5): xdg-utils-1.2.1-1, gtk3-1:3.24.43-4, libcups-2:2.4.11-1, libxss-1.2.4-2, ttf-liberation-2.1.5-2
:: [1m(1/1) Downloaded PKGBUILD: google-chrome[0m
  1 google-chrome                            (Build Files Exist)
==> Packages to cleanBuild?
==> [N]one [A]ll [Ab]ort [I]nstalled [No]tInstalled or (1 2 3, 1-3, ^4)
==> 
  1 google-chrome                            (Build Files Exist)
==> Diffs to show?
==> [N]one [A]ll [Ab]ort [I]nstalled [No]tInstalled or (1 2 3, 1-3, ^4)
==> 
==> ERROR: Running makepkg as root is not allowed as it can cause permanent,
catastrophic damage to your system.
 -> error downloading sources: /tmp/yay/google-chrome 
	 context: exit status 10 
	 

:: [1m(1/1) Parsing SRCINFO: google-chrome[0m
resolving dependencies...
looking for conflicting packages...

Packages (32) adwaita-cursors-47.0-1  adwaita-icon-theme-47.0-1  adwaita-icon-theme-legacy-46.2-3  at-spi2-core-2.54.0-2  avahi-1:0.8+r194+g3f79789-2  cantarell-fonts-1:0.303.1-2  dconf-0.40.0-3  desktop-file-utils-0.28-1  glib-networking-1:2.80.0-3  gsettings-desktop-schemas-47.1-1  gsettings-system-schemas-47.1-1  gtk-update-icon-cache-1:4.16.5-1  iso-codes-4.17.0-1  json-glib-1.10.0-1  libcloudproviders-0.3.6-1  libcolord-1.4.7-2  libepoxy-1.5.10-3  libproxy-0.5.9-1  libsoup3-3.6.0-1  libstemmer-2.2.0-2  libxcomposite-0.4.6-2  libxdamage-1.1.6-2  libxinerama-1.1.5-2  libxrandr-1.5.4-1  tinysparql-3.8.0-1  xorg-xprop-1.2.8-1  xorg-xset-1.2.5-2  gtk3-1:3.24.43-4  libcups-2:2.4.11-1  libxss-1.2.4-2  ttf-liberation-2.1.5-2  xdg-utils-1.2.1-1

Total Download Size:    20.82 MiB
Total Installed Size:  115.91 MiB

:: Proceed with installation? [Y/n] 
:: Retrieving packages...
 gtk3-1:3.24.43-4-x86_64 downloading...
 iso-codes-4.17.0-1-any downloading...
 adwaita-icon-theme-legacy-46.2-3-any downloading...
 ttf-liberation-2.1.5-2-any downloading...
 tinysparql-3.8.0-1-x86_64 downloading...
 gsettings-desktop-schemas-47.1-1-any downloading...
 at-spi2-core-2.54.0-2-x86_64 downloading...
 avahi-1:0.8+r194+g3f79789-2-x86_64 downloading...
 libsoup3-3.6.0-1-x86_64 downloading...
 adwaita-cursors-47.0-1-any downloading...
 libepoxy-1.5.10-3-x86_64 downloading...
 libcups-2:2.4.11-1-x86_64 downloading...
 adwaita-icon-theme-47.0-1-any downloading...
 libcolord-1.4.7-2-x86_64 downloading...
 json-glib-1.10.0-1-x86_64 downloading...
 libstemmer-2.2.0-2-x86_64 downloading...
 glib-networking-1:2.80.0-3-x86_64 downloading...
 cantarell-fonts-1:0.303.1-2-any downloading...
 dconf-0.40.0-3-x86_64 downloading...
 libcloudproviders-0.3.6-1-x86_64 downloading...
 xdg-utils-1.2.1-1-any downloading...
 desktop-file-utils-0.28-1-x86_64 downloading...
 libproxy-0.5.9-1-x86_64 downloading...
 libxrandr-1.5.4-1-x86_64 downloading...
 xorg-xprop-1.2.8-1-x86_64 downloading...
 xorg-xset-1.2.5-2-x86_64 downloading...
 gtk-update-icon-cache-1:4.16.5-1-x86_64 downloading...
 libxss-1.2.4-2-x86_64 downloading...
 libxcomposite-0.4.6-2-x86_64 downloading...
 libxinerama-1.1.5-2-x86_64 downloading...
 libxdamage-1.1.6-2-x86_64 downloading...
 gsettings-system-schemas-47.1-1-any downloading...
checking keyring...
checking package integrity...
loading package files...
checking for file conflicts...
checking available disk space...
:: Processing package changes...
installing libxss...
installing ttf-liberation...
installing xorg-xset...
installing xorg-xprop...
installing xdg-utils...
Optional dependencies for xdg-utils
    kde-cli-tools: for KDE Plasma5 support in xdg-open
    exo: for Xfce support in xdg-open
    pcmanfm: for LXDE support in xdg-open
    perl-file-mimeinfo: for generic support in xdg-open
    perl-net-dbus: Perl extension to dbus used in xdg-screensaver
    perl-x11-protocol: Perl X11 protocol used in xdg-screensaver
installing adwaita-icon-theme-legacy...
installing adwaita-cursors...
installing adwaita-icon-theme...
installing dconf...
installing gsettings-system-schemas...
installing cantarell-fonts...
installing gsettings-desktop-schemas...
installing at-spi2-core...
installing desktop-file-utils...
installing iso-codes...
installing libcloudproviders...
installing libcolord...
installing avahi...
Optional dependencies for avahi
    gtk3: avahi-discover, avahi-discover-standalone, bshell, bssh, bvnc [pending]
    libevent: libevent bindings [installed]
    nss-mdns: NSS support for mDNS
    python-dbus: avahi-bookmarks, avahi-discover
    python-gobject: avahi-bookmarks, avahi-discover
    python-twisted: avahi-bookmarks
    qt5-base: qt5 bindings
installing libcups...
installing libepoxy...
installing libxcomposite...
installing libxdamage...
installing libxinerama...
installing libxrandr...
installing json-glib...
installing libproxy...
installing glib-networking...
installing libsoup3...
Optional dependencies for libsoup3
    samba: Windows Domain SSO
installing libstemmer...
installing tinysparql...
installing gtk-update-icon-cache...
installing gtk3...
Optional dependencies for gtk3
    evince: Default print preview command
:: Running post-transaction hooks...
( 1/11) Creating system user accounts...
Creating group 'avahi' with GID 970.
Creating user 'avahi' (Avahi mDNS/DNS-SD daemon) with UID 970 and GID 970.
( 2/11) Reloading system manager configuration...
( 3/11) Reloading user manager configuration...
( 4/11) Arming ConditionNeedsUpdate...
( 5/11) Reloading system bus configuration...
( 6/11) Updating fontconfig cache...
( 7/11) Updating GIO module cache...
( 8/11) Compiling GSettings XML schema files...
( 9/11) Probing GTK3 input method modules...
(10/11) Updating icon theme caches...
(11/11) Updating the desktop file MIME type cache...
==> ERROR: Running makepkg as root is not allowed as it can cause permanent,
catastrophic damage to your system.
 -> error making: google-chrome-exit status 10
 -> Failed to install the following packages. Manual intervention is required:
google-chrome - exit status 10
